{"total": {"lines":{"total":180,"covered":76,"skipped":0,"pct":42.22},"statements":{"total":190,"covered":83,"skipped":0,"pct":43.68},"functions":{"total":30,"covered":11,"skipped":0,"pct":36.66},"branches":{"total":49,"covered":10,"skipped":0,"pct":20.4},"branchesTrue":{"total":0,"covered":0,"skipped":0,"pct":100}}
,"C:\\Users\\ADITYA SHEKHAR\\Desktop\\code\\Assignment\\mini-dashboard\\src\\App.tsx": {"lines":{"total":16,"covered":0,"skipped":0,"pct":0},"functions":{"total":2,"covered":0,"skipped":0,"pct":0},"statements":{"total":16,"covered":0,"skipped":0,"pct":0},"branches":{"total":3,"covered":0,"skipped":0,"pct":0}}
,"C:\\Users\\ADITYA SHEKHAR\\Desktop\\code\\Assignment\\mini-dashboard\\src\\main.tsx": {"lines":{"total":4,"covered":0,"skipped":0,"pct":0},"functions":{"total":0,"covered":0,"skipped":0,"pct":100},"statements":{"total":4,"covered":0,"skipped":0,"pct":0},"branches":{"total":0,"covered":0,"skipped":0,"pct":100}}
,"C:\\Users\\ADITYA SHEKHAR\\Desktop\\code\\Assignment\\mini-dashboard\\src\\components\\Layout.tsx": {"lines":{"total":33,"covered":0,"skipped":0,"pct":0},"functions":{"total":9,"covered":0,"skipped":0,"pct":0},"statements":{"total":34,"covered":0,"skipped":0,"pct":0},"branches":{"total":13,"covered":0,"skipped":0,"pct":0}}
,"C:\\Users\\ADITYA SHEKHAR\\Desktop\\code\\Assignment\\mini-dashboard\\src\\components\\LoginForm.tsx": {"lines":{"total":29,"covered":28,"skipped":0,"pct":96.55},"functions":{"total":2,"covered":2,"skipped":0,"pct":100},"statements":{"total":29,"covered":28,"skipped":0,"pct":96.55},"branches":{"total":6,"covered":5,"skipped":0,"pct":83.33}}
,"C:\\Users\\ADITYA SHEKHAR\\Desktop\\code\\Assignment\\mini-dashboard\\src\\context\\AuthContext.tsx": {"lines":{"total":43,"covered":27,"skipped":0,"pct":62.79},"functions":{"total":7,"covered":5,"skipped":0,"pct":71.42},"statements":{"total":45,"covered":29,"skipped":0,"pct":64.44},"branches":{"total":15,"covered":4,"skipped":0,"pct":26.66}}
,"C:\\Users\\ADITYA SHEKHAR\\Desktop\\code\\Assignment\\mini-dashboard\\src\\hooks\\useLocalStorage.tsx": {"lines":{"total":16,"covered":9,"skipped":0,"pct":56.25},"functions":{"total":5,"covered":2,"skipped":0,"pct":40},"statements":{"total":23,"covered":14,"skipped":0,"pct":60.86},"branches":{"total":4,"covered":1,"skipped":0,"pct":25}}
,"C:\\Users\\ADITYA SHEKHAR\\Desktop\\code\\Assignment\\mini-dashboard\\src\\pages\\Analytics.tsx": {"lines":{"total":8,"covered":0,"skipped":0,"pct":0},"functions":{"total":1,"covered":0,"skipped":0,"pct":0},"statements":{"total":8,"covered":0,"skipped":0,"pct":0},"branches":{"total":0,"covered":0,"skipped":0,"pct":100}}
,"C:\\Users\\ADITYA SHEKHAR\\Desktop\\code\\Assignment\\mini-dashboard\\src\\pages\\Dashboard.tsx": {"lines":{"total":12,"covered":12,"skipped":0,"pct":100},"functions":{"total":2,"covered":2,"skipped":0,"pct":100},"statements":{"total":12,"covered":12,"skipped":0,"pct":100},"branches":{"total":0,"covered":0,"skipped":0,"pct":100}}
,"C:\\Users\\ADITYA SHEKHAR\\Desktop\\code\\Assignment\\mini-dashboard\\src\\pages\\Profile.tsx": {"lines":{"total":17,"covered":0,"skipped":0,"pct":0},"functions":{"total":2,"covered":0,"skipped":0,"pct":0},"statements":{"total":17,"covered":0,"skipped":0,"pct":0},"branches":{"total":8,"covered":0,"skipped":0,"pct":0}}
,"C:\\Users\\ADITYA SHEKHAR\\Desktop\\code\\Assignment\\mini-dashboard\\src\\styles\\GlobalStyles.ts": {"lines":{"total":2,"covered":0,"skipped":0,"pct":0},"functions":{"total":0,"covered":0,"skipped":0,"pct":100},"statements":{"total":2,"covered":0,"skipped":0,"pct":0},"branches":{"total":0,"covered":0,"skipped":0,"pct":100}}
}
